<?xml version="1.0" encoding="UTF-8"?>
<testng-results skipped="0" failed="1" ignored="0" total="1" passed="0">
  <reporter-output>
  </reporter-output>
  <suite name="Default suite" duration-ms="19741" started-at="2020-02-04T16:09:18Z" finished-at="2020-02-04T16:09:38Z">
    <groups>
      <group name="cucumber">
        <method signature="AbstractTestNGCucumberTests.runScenario(io.cucumber.testng.PickleEventWrapper, io.cucumber.testng.CucumberFeatureWrapper)[pri:0, instance:testRunners.loginRunner@56ef9176]" name="runScenario" class="io.cucumber.testng.AbstractTestNGCucumberTests"/>
      </group> <!-- cucumber -->
    </groups>
    <test name="Default test" duration-ms="19741" started-at="2020-02-04T16:09:18Z" finished-at="2020-02-04T16:09:38Z">
      <class name="testRunners.loginRunner">
        <test-method status="PASS" signature="setUpClass()[pri:0, instance:testRunners.loginRunner@56ef9176]" name="setUpClass" is-config="true" duration-ms="254" started-at="2020-02-04T16:09:18Z" finished-at="2020-02-04T16:09:19Z">
          <reporter-output>
          </reporter-output>
        </test-method> <!-- setUpClass -->
        <test-method status="FAIL" signature="runScenario(io.cucumber.testng.PickleEventWrapper, io.cucumber.testng.CucumberFeatureWrapper)[pri:0, instance:testRunners.loginRunner@56ef9176]" name="runScenario" duration-ms="19348" started-at="2020-02-04T16:09:19Z" description="Runs Cucumber Scenarios" data-provider="scenarios" finished-at="2020-02-04T16:09:38Z">
          <params>
            <param index="0">
              <value>
                <![CDATA["Purchase anything"]]>
              </value>
            </param>
            <param index="1">
              <value>
                <![CDATA["Login Page"]]>
              </value>
            </param>
          </params>
          <exception class="org.openqa.selenium.SessionNotCreatedException">
            <message>
              <![CDATA[session not created
from disconnected: received Inspector.detached event
  (Session info: chrome=79.0.3945.130)
Build info: version: '3.141.59', revision: 'e82be7d358', time: '2018-11-14T08:17:03'
System info: host: 'MTYTM17274KHP', ip: '10.3.116.182', os.name: 'Windows 10', os.arch: 'amd64', os.version: '10.0', java.version: '1.8.0_241'
Driver info: driver.version: ChromeDriver
remote stacktrace: Backtrace:
Ordinal0 [0x003DA113+1548563]
Ordinal0 [0x0035DDA1+1039777]
Ordinal0 [0x002DE485+517253]
Ordinal0 [0x002D70CB+487627]
Ordinal0 [0x002D6CE9+486633]
Ordinal0 [0x002D65E8+484840]
Ordinal0 [0x002D5D33+482611]
Ordinal0 [0x002D5E75+482933]
Ordinal0 [0x002D59B5+481717]
Ordinal0 [0x002DD1E5+512485]
Ordinal0 [0x002D5968+481640]
Ordinal0 [0x002D628B+483979]
Ordinal0 [0x002D5D33+482611]
Ordinal0 [0x002D5E75+482933]
Ordinal0 [0x002D59B5+481717]
Ordinal0 [0x002DBB0E+506638]
Ordinal0 [0x002D5968+481640]
Ordinal0 [0x002D628B+483979]
Ordinal0 [0x002D5D33+482611]
Ordinal0 [0x002D5E75+482933]
Ordinal0 [0x002D59B5+481717]
Ordinal0 [0x002DA37C+500604]
Ordinal0 [0x002D5968+481640]
Ordinal0 [0x002D628B+483979]
Ordinal0 [0x002D5D33+482611]
Ordinal0 [0x002D5E75+482933]
Ordinal0 [0x002D59B5+481717]
Ordinal0 [0x002D9A17+498199]
Ordinal0 [0x002D5968+481640]
Ordinal0 [0x002D628B+483979]
Ordinal0 [0x002D5D33+482611]
Ordinal0 [0x002D5E75+482933]
Ordinal0 [0x002D59B5+481717]
Ordinal0 [0x002D256C+468332]
Ordinal0 [0x002D5968+481640]
Ordinal0 [0x002D5844+481348]
Ordinal0 [0x002DF0D0+520400]
Ordinal0 [0x0028C030+180272]
Ordinal0 [0x0028B59D+177565]
Ordinal0 [0x002895FB+169467]
Ordinal0 [0x0027160A+71178]
Ordinal0 [0x00272690+75408]
Ordinal0 [0x00272629+75305]
Ordinal0 [0x003771B7+1143223]
GetHandleVerifier [0x00472B46+507814]
GetHandleVerifier [0x00472864+507076]
GetHandleVerifier [0x00479F47+537511]
GetHandleVerifier [0x00473402+510050]
Ordinal0 [0x0036F29C+1110684]
Ordinal0 [0x0037938B+1151883]
Ordinal0 [0x003794F3+1152243]
Ordinal0 [0x003783F5+1147893]
BaseThreadInitThunk [0x77376359+25]
RtlGetAppContainerNamedObjectPath [0x77CB7B74+228]
RtlGetAppContainerNamedObjectPath [0x77CB7B44+180]
]]>
            </message>
            <full-stacktrace>
              <![CDATA[org.openqa.selenium.SessionNotCreatedException: session not created
from disconnected: received Inspector.detached event
  (Session info: chrome=79.0.3945.130)
Build info: version: '3.141.59', revision: 'e82be7d358', time: '2018-11-14T08:17:03'
System info: host: 'MTYTM17274KHP', ip: '10.3.116.182', os.name: 'Windows 10', os.arch: 'amd64', os.version: '10.0', java.version: '1.8.0_241'
Driver info: driver.version: ChromeDriver
remote stacktrace: Backtrace:
Ordinal0 [0x003DA113+1548563]
Ordinal0 [0x0035DDA1+1039777]
Ordinal0 [0x002DE485+517253]
Ordinal0 [0x002D70CB+487627]
Ordinal0 [0x002D6CE9+486633]
Ordinal0 [0x002D65E8+484840]
Ordinal0 [0x002D5D33+482611]
Ordinal0 [0x002D5E75+482933]
Ordinal0 [0x002D59B5+481717]
Ordinal0 [0x002DD1E5+512485]
Ordinal0 [0x002D5968+481640]
Ordinal0 [0x002D628B+483979]
Ordinal0 [0x002D5D33+482611]
Ordinal0 [0x002D5E75+482933]
Ordinal0 [0x002D59B5+481717]
Ordinal0 [0x002DBB0E+506638]
Ordinal0 [0x002D5968+481640]
Ordinal0 [0x002D628B+483979]
Ordinal0 [0x002D5D33+482611]
Ordinal0 [0x002D5E75+482933]
Ordinal0 [0x002D59B5+481717]
Ordinal0 [0x002DA37C+500604]
Ordinal0 [0x002D5968+481640]
Ordinal0 [0x002D628B+483979]
Ordinal0 [0x002D5D33+482611]
Ordinal0 [0x002D5E75+482933]
Ordinal0 [0x002D59B5+481717]
Ordinal0 [0x002D9A17+498199]
Ordinal0 [0x002D5968+481640]
Ordinal0 [0x002D628B+483979]
Ordinal0 [0x002D5D33+482611]
Ordinal0 [0x002D5E75+482933]
Ordinal0 [0x002D59B5+481717]
Ordinal0 [0x002D256C+468332]
Ordinal0 [0x002D5968+481640]
Ordinal0 [0x002D5844+481348]
Ordinal0 [0x002DF0D0+520400]
Ordinal0 [0x0028C030+180272]
Ordinal0 [0x0028B59D+177565]
Ordinal0 [0x002895FB+169467]
Ordinal0 [0x0027160A+71178]
Ordinal0 [0x00272690+75408]
Ordinal0 [0x00272629+75305]
Ordinal0 [0x003771B7+1143223]
GetHandleVerifier [0x00472B46+507814]
GetHandleVerifier [0x00472864+507076]
GetHandleVerifier [0x00479F47+537511]
GetHandleVerifier [0x00473402+510050]
Ordinal0 [0x0036F29C+1110684]
Ordinal0 [0x0037938B+1151883]
Ordinal0 [0x003794F3+1152243]
Ordinal0 [0x003783F5+1147893]
BaseThreadInitThunk [0x77376359+25]
RtlGetAppContainerNamedObjectPath [0x77CB7B74+228]
RtlGetAppContainerNamedObjectPath [0x77CB7B44+180]

at sun.reflect.NativeConstructorAccessorImpl.newInstance0(Native Method)
at sun.reflect.NativeConstructorAccessorImpl.newInstance(NativeConstructorAccessorImpl.java:62)
at sun.reflect.DelegatingConstructorAccessorImpl.newInstance(DelegatingConstructorAccessorImpl.java:45)
at java.lang.reflect.Constructor.newInstance(Constructor.java:423)
at org.openqa.selenium.remote.W3CHandshakeResponse.lambda$errorHandler$0(W3CHandshakeResponse.java:62)
at org.openqa.selenium.remote.HandshakeResponse.lambda$getResponseFunction$0(HandshakeResponse.java:30)
at org.openqa.selenium.remote.ProtocolHandshake.lambda$createSession$0(ProtocolHandshake.java:126)
at java.util.stream.ReferencePipeline$3$1.accept(ReferencePipeline.java:193)
at java.util.Spliterators$ArraySpliterator.tryAdvance(Spliterators.java:958)
at java.util.stream.ReferencePipeline.forEachWithCancel(ReferencePipeline.java:126)
at java.util.stream.AbstractPipeline.copyIntoWithCancel(AbstractPipeline.java:499)
at java.util.stream.AbstractPipeline.copyInto(AbstractPipeline.java:486)
at java.util.stream.AbstractPipeline.wrapAndCopyInto(AbstractPipeline.java:472)
at java.util.stream.FindOps$FindOp.evaluateSequential(FindOps.java:152)
at java.util.stream.AbstractPipeline.evaluate(AbstractPipeline.java:234)
at java.util.stream.ReferencePipeline.findFirst(ReferencePipeline.java:464)
at org.openqa.selenium.remote.ProtocolHandshake.createSession(ProtocolHandshake.java:128)
at org.openqa.selenium.remote.ProtocolHandshake.createSession(ProtocolHandshake.java:74)
at org.openqa.selenium.remote.HttpCommandExecutor.execute(HttpCommandExecutor.java:136)
at org.openqa.selenium.remote.service.DriverCommandExecutor.execute(DriverCommandExecutor.java:83)
at org.openqa.selenium.remote.RemoteWebDriver.execute(RemoteWebDriver.java:552)
at org.openqa.selenium.remote.RemoteWebDriver.startSession(RemoteWebDriver.java:213)
at org.openqa.selenium.remote.RemoteWebDriver.<init>(RemoteWebDriver.java:131)
at org.openqa.selenium.chrome.ChromeDriver.<init>(ChromeDriver.java:181)
at org.openqa.selenium.chrome.ChromeDriver.<init>(ChromeDriver.java:168)
at org.openqa.selenium.chrome.ChromeDriver.<init>(ChromeDriver.java:123)
at stepDefinitions.setUpClass.setUp(setUpClass.java:17)
at sun.reflect.NativeMethodAccessorImpl.invoke0(Native Method)
at sun.reflect.NativeMethodAccessorImpl.invoke(NativeMethodAccessorImpl.java:62)
at sun.reflect.DelegatingMethodAccessorImpl.invoke(DelegatingMethodAccessorImpl.java:43)
at java.lang.reflect.Method.invoke(Method.java:498)
at cucumber.runtime.Utils$1.call(Utils.java:26)
at cucumber.runtime.Timeout.timeout(Timeout.java:16)
at cucumber.runtime.Utils.invoke(Utils.java:20)
at cucumber.runtime.java.JavaHookDefinition.execute(JavaHookDefinition.java:65)
at cucumber.runner.HookDefinitionMatch.runStep(HookDefinitionMatch.java:16)
at cucumber.runner.TestStep.executeStep(TestStep.java:65)
at cucumber.runner.TestStep.run(TestStep.java:50)
at cucumber.runner.TestCase.run(TestCase.java:42)
at cucumber.runner.Runner.runPickle(Runner.java:50)
at io.cucumber.testng.TestNGCucumberRunner.runScenario(TestNGCucumberRunner.java:79)
at io.cucumber.testng.AbstractTestNGCucumberTests.runScenario(AbstractTestNGCucumberTests.java:24)
at sun.reflect.NativeMethodAccessorImpl.invoke0(Native Method)
at sun.reflect.NativeMethodAccessorImpl.invoke(NativeMethodAccessorImpl.java:62)
at sun.reflect.DelegatingMethodAccessorImpl.invoke(DelegatingMethodAccessorImpl.java:43)
at java.lang.reflect.Method.invoke(Method.java:498)
at org.testng.internal.MethodInvocationHelper.invokeMethod(MethodInvocationHelper.java:124)
at org.testng.internal.Invoker.invokeMethod(Invoker.java:583)
at org.testng.internal.Invoker.invokeTestMethod(Invoker.java:719)
at org.testng.internal.Invoker.invokeTestMethods(Invoker.java:989)
at org.testng.internal.TestMethodWorker.invokeTestMethods(TestMethodWorker.java:125)
at org.testng.internal.TestMethodWorker.run(TestMethodWorker.java:109)
at org.testng.TestRunner.privateRun(TestRunner.java:648)
at org.testng.TestRunner.run(TestRunner.java:505)
at org.testng.SuiteRunner.runTest(SuiteRunner.java:455)
at org.testng.SuiteRunner.runSequentially(SuiteRunner.java:450)
at org.testng.SuiteRunner.privateRun(SuiteRunner.java:415)
at org.testng.SuiteRunner.run(SuiteRunner.java:364)
at org.testng.SuiteRunnerWorker.runSuite(SuiteRunnerWorker.java:52)
at org.testng.SuiteRunnerWorker.run(SuiteRunnerWorker.java:84)
at org.testng.TestNG.runSuitesSequentially(TestNG.java:1208)
at org.testng.TestNG.runSuitesLocally(TestNG.java:1137)
at org.testng.TestNG.runSuites(TestNG.java:1049)
at org.testng.TestNG.run(TestNG.java:1017)
at org.testng.remote.AbstractRemoteTestNG.run(AbstractRemoteTestNG.java:115)
at org.testng.remote.RemoteTestNG.initAndRun(RemoteTestNG.java:251)
at org.testng.remote.RemoteTestNG.main(RemoteTestNG.java:77)
]]>
            </full-stacktrace>
          </exception> <!-- org.openqa.selenium.SessionNotCreatedException -->
          <reporter-output>
          </reporter-output>
        </test-method> <!-- runScenario -->
        <test-method status="PASS" signature="tearDownClass()[pri:0, instance:testRunners.loginRunner@56ef9176]" name="tearDownClass" is-config="true" duration-ms="12" started-at="2020-02-04T16:09:38Z" finished-at="2020-02-04T16:09:38Z">
          <reporter-output>
          </reporter-output>
        </test-method> <!-- tearDownClass -->
      </class> <!-- testRunners.loginRunner -->
    </test> <!-- Default test -->
  </suite> <!-- Default suite -->
</testng-results>
